Using pre-set license
Built from '2021.1/staging' branch; Version is '2021.1.7f1 (d91830b65d9b) revision 14227504'; Using compiler version '192528614'; Build Type 'Release'
OS: 'Windows 10 Education; OS build 19043.1237; Version 2009; 64bit' Language: 'en' Physical Memory: 16247 MB
BatchMode: 1, IsHumanControllingUs: 0, StartBugReporterOnCrash: 0, Is64bit: 1, IsPro: 0

 COMMAND LINE ARGUMENTS:
C:\Program Files\Unity 2021.1.7f1\Editor\Unity.exe
-adb2
-batchMode
-noUpm
-name
AssetImportWorker4
-projectPath
C:/Users/9t.cc/Documents/GithubFiles/RTS_Santos/RealTimeStrategy
-logFile
Logs/AssetImportWorker4.log
-srvPort
53216
Successfully changed project path to: C:/Users/9t.cc/Documents/GithubFiles/RTS_Santos/RealTimeStrategy
C:/Users/9t.cc/Documents/GithubFiles/RTS_Santos/RealTimeStrategy
Using Asset Import Pipeline V2.
Refreshing native plugins compatible for Editor in 125.19 ms, found 1 plugins.
Preloading 0 native plugins for Editor in 0.00 ms.
Initialize engine version: 2021.1.7f1 (d91830b65d9b)
[Subsystems] Discovering subsystems at path C:/Program Files/Unity 2021.1.7f1/Editor/Data/Resources/UnitySubsystems
[Subsystems] Discovering subsystems at path C:/Users/9t.cc/Documents/GithubFiles/RTS_Santos/RealTimeStrategy/Assets
GfxDevice: creating device client; threaded=0; jobified=0
Direct3D:
    Version:  Direct3D 11.0 [level 11.1]
    Renderer: AMD Radeon R7 450 (ID=0x682b)
    Vendor:   ATI
    VRAM:     4076 MB
    Driver:   24.20.11020.3002
Initialize mono
Mono path[0] = 'C:/Program Files/Unity 2021.1.7f1/Editor/Data/Managed'
Mono path[1] = 'C:/Program Files/Unity 2021.1.7f1/Editor/Data/MonoBleedingEdge/lib/mono/unityjit'
Mono config path = 'C:/Program Files/Unity 2021.1.7f1/Editor/Data/MonoBleedingEdge/etc'
Using monoOptions --debugger-agent=transport=dt_socket,embedding=1,server=y,suspend=n,address=127.0.0.1:56504
Begin MonoManager ReloadAssembly
Registering precompiled unity dll's ...
Register platform support module: C:/Program Files/Unity 2021.1.7f1/Editor/Data/PlaybackEngines/WebGLSupport/UnityEditor.WebGL.Extensions.dll
Register platform support module: C:/Program Files/Unity 2021.1.7f1/Editor/Data/PlaybackEngines/WindowsStandaloneSupport/UnityEditor.WindowsStandalone.Extensions.dll
Registered in 0.002006 seconds.
Native extension for WindowsStandalone target not found
Native extension for WebGL target not found
Refreshing native plugins compatible for Editor in 122.52 ms, found 1 plugins.
Preloading 0 native plugins for Editor in 0.00 ms.
Mono: successfully reloaded assembly
- Completed reload, in  1.395 seconds
Platform modules already initialized, skipping
Registering precompiled user dll's ...
Registered in 0.008518 seconds.
Begin MonoManager ReloadAssembly
Symbol file LoadedFromMemory doesn't match image C:\Users\9t.cc\Documents\GithubFiles\RTS_Santos\RealTimeStrategy\Library\PackageCache\com.unity.visualscripting@1.6.1\Editor\VisualScripting.Core\Dependencies\YamlDotNet\Unity.VisualScripting.YamlDotNet.dll
Symbol file LoadedFromMemory doesn't match image C:\Users\9t.cc\Documents\GithubFiles\RTS_Santos\RealTimeStrategy\Library\PackageCache\com.unity.visualscripting@1.6.1\Editor\VisualScripting.Core\Dependencies\DotNetZip\Unity.VisualScripting.IonicZip.dll
Native extension for WindowsStandalone target not found
Native extension for WebGL target not found
Refreshing native plugins compatible for Editor in 120.43 ms, found 1 plugins.
Preloading 0 native plugins for Editor in 0.00 ms.
Mono: successfully reloaded assembly
- Completed reload, in  3.256 seconds
Platform modules already initialized, skipping
========================================================================
Worker process is ready to serve import requests
Shader 'Universal Render Pipeline/Particles/Lit': fallback shader 'Universal Render Pipeline/Particles/SimpleLit' not found
Shader 'Universal Render Pipeline/Particles/Lit': fallback shader 'Universal Render Pipeline/Particles/SimpleLit' not found
Launched and connected shader compiler UnityShaderCompiler.exe after 0.08 seconds
Refreshing native plugins compatible for Editor in 0.98 ms, found 1 plugins.
Preloading 0 native plugins for Editor in 0.00 ms.
Unloading 5258 Unused Serialized files (Serialized files now loaded: 0)
System memory in use before: 206.0 MB.
System memory in use after: 203.4 MB.

Unloading 194 unused Assets to reduce memory usage. Loaded Objects now: 5655.
Total: 5.262500 ms (FindLiveObjects: 0.463700 ms CreateObjectMapping: 0.303200 ms MarkObjects: 3.059800 ms  DeleteObjects: 1.434400 ms)

========================================================================
Received Import Request.
  path: Assets/Scripts/Cameras/FaceCamera.cs
  artifactKey: Guid(d3e9c383514808141a7b9c8ca1fc298f) Importer(815301076,1909f56bfc062723c751e8b465ee728b)
Start importing Assets/Scripts/Cameras/FaceCamera.cs using Guid(d3e9c383514808141a7b9c8ca1fc298f) Importer(815301076,1909f56bfc062723c751e8b465ee728b)  -> (artifact id: '00000000000000000000000000000000') in 0.051967 seconds  code(4) message(Build asset version error: assets/scripts/cameras/facecamera.cs in SourceAssetDB has modification time of '2022-03-04T13:47:43.8140917Z' while content on disk has modification time of '2022-03-04T13:49:54.2250227Z')
  ERROR: Build asset version error: assets/scripts/cameras/facecamera.cs in SourceAssetDB has modification time of '2022-03-04T13:47:43.8140917Z' while content on disk has modification time of '2022-03-04T13:49:54.2250227Z'
========================================================================
Received Import Request.
  Time since last request: 223.488573 seconds.
  path: Assets/Scripts/Cameras/FaceCamera.cs
  artifactKey: Guid(d3e9c383514808141a7b9c8ca1fc298f) Importer(815301076,1909f56bfc062723c751e8b465ee728b)
Start importing Assets/Scripts/Cameras/FaceCamera.cs using Guid(d3e9c383514808141a7b9c8ca1fc298f) Importer(815301076,1909f56bfc062723c751e8b465ee728b)  -> (artifact id: '9e364d99c420b7bae6894b53b137c49f') in 0.013367 seconds 
========================================================================
Received Prepare
Registering precompiled user dll's ...
Registered in 0.007418 seconds.
Begin MonoManager ReloadAssembly
Symbol file LoadedFromMemory doesn't match image C:\Users\9t.cc\Documents\GithubFiles\RTS_Santos\RealTimeStrategy\Library\PackageCache\com.unity.visualscripting@1.6.1\Editor\VisualScripting.Core\Dependencies\YamlDotNet\Unity.VisualScripting.YamlDotNet.dll
Symbol file LoadedFromMemory doesn't match image C:\Users\9t.cc\Documents\GithubFiles\RTS_Santos\RealTimeStrategy\Library\PackageCache\com.unity.visualscripting@1.6.1\Editor\VisualScripting.Core\Dependencies\DotNetZip\Unity.VisualScripting.IonicZip.dll
Native extension for WindowsStandalone target not found
Native extension for WebGL target not found
Refreshing native plugins compatible for Editor in 0.93 ms, found 1 plugins.
Preloading 0 native plugins for Editor in 0.00 ms.
Warning: Annotation not found!
UnityEngine.StackTraceUtility:ExtractStackTrace ()
UnityEditor.ProBuilder.EditorUtility:SetGizmoIconEnabled (System.Type,bool) (at Library/PackageCache/com.unity.probuilder@5.0.3/Editor/EditorCore/EditorUtility.cs:575)
UnityEditor.ProBuilder.HierarchyListener:.cctor () (at Library/PackageCache/com.unity.probuilder@5.0.3/Editor/EditorCore/HierarchyListener.cs:21)
System.Runtime.CompilerServices.RuntimeHelpers:RunClassConstructor (System.RuntimeTypeHandle)
UnityEditor.EditorAssemblies:ProcessInitializeOnLoadAttributes (System.Type[])

[Library/PackageCache/com.unity.probuilder@5.0.3/Editor/EditorCore/EditorUtility.cs line 575]

Mono: successfully reloaded assembly
- Completed reload, in  1.164 seconds
Platform modules already initialized, skipping
Shader 'Universal Render Pipeline/Particles/Lit': fallback shader 'Universal Render Pipeline/Particles/SimpleLit' not found
Shader 'Universal Render Pipeline/Particles/Lit': fallback shader 'Universal Render Pipeline/Particles/SimpleLit' not found
Refreshing native plugins compatible for Editor in 1.29 ms, found 1 plugins.
Preloading 0 native plugins for Editor in 0.00 ms.
Unloading 5124 Unused Serialized files (Serialized files now loaded: 0)
System memory in use before: 198.4 MB.
System memory in use after: 195.9 MB.

Unloading 53 unused Assets to reduce memory usage. Loaded Objects now: 5658.
Total: 4.763200 ms (FindLiveObjects: 0.391600 ms CreateObjectMapping: 0.309500 ms MarkObjects: 2.784800 ms  DeleteObjects: 1.276200 ms)

========================================================================
Received Prepare
Registering precompiled user dll's ...
Registered in 0.004958 seconds.
Begin MonoManager ReloadAssembly
Symbol file LoadedFromMemory doesn't match image C:\Users\9t.cc\Documents\GithubFiles\RTS_Santos\RealTimeStrategy\Library\PackageCache\com.unity.visualscripting@1.6.1\Editor\VisualScripting.Core\Dependencies\YamlDotNet\Unity.VisualScripting.YamlDotNet.dll
Symbol file LoadedFromMemory doesn't match image C:\Users\9t.cc\Documents\GithubFiles\RTS_Santos\RealTimeStrategy\Library\PackageCache\com.unity.visualscripting@1.6.1\Editor\VisualScripting.Core\Dependencies\DotNetZip\Unity.VisualScripting.IonicZip.dll
Native extension for WindowsStandalone target not found
Native extension for WebGL target not found
Refreshing native plugins compatible for Editor in 1.36 ms, found 1 plugins.
Preloading 0 native plugins for Editor in 0.00 ms.
Warning: Annotation not found!
UnityEngine.StackTraceUtility:ExtractStackTrace ()
UnityEditor.ProBuilder.EditorUtility:SetGizmoIconEnabled (System.Type,bool) (at Library/PackageCache/com.unity.probuilder@5.0.3/Editor/EditorCore/EditorUtility.cs:575)
UnityEditor.ProBuilder.HierarchyListener:.cctor () (at Library/PackageCache/com.unity.probuilder@5.0.3/Editor/EditorCore/HierarchyListener.cs:21)
System.Runtime.CompilerServices.RuntimeHelpers:RunClassConstructor (System.RuntimeTypeHandle)
UnityEditor.EditorAssemblies:ProcessInitializeOnLoadAttributes (System.Type[])

[Library/PackageCache/com.unity.probuilder@5.0.3/Editor/EditorCore/EditorUtility.cs line 575]

Mono: successfully reloaded assembly
- Completed reload, in  1.121 seconds
Platform modules already initialized, skipping
Shader 'Universal Render Pipeline/Particles/Lit': fallback shader 'Universal Render Pipeline/Particles/SimpleLit' not found
Shader 'Universal Render Pipeline/Particles/Lit': fallback shader 'Universal Render Pipeline/Particles/SimpleLit' not found
Refreshing native plugins compatible for Editor in 1.00 ms, found 1 plugins.
Preloading 0 native plugins for Editor in 0.00 ms.
Unloading 5124 Unused Serialized files (Serialized files now loaded: 0)
System memory in use before: 198.5 MB.
System memory in use after: 196.0 MB.

Unloading 53 unused Assets to reduce memory usage. Loaded Objects now: 5661.
Total: 4.327600 ms (FindLiveObjects: 0.389100 ms CreateObjectMapping: 0.291700 ms MarkObjects: 2.605200 ms  DeleteObjects: 1.040500 ms)

========================================================================
Received Import Request.
  Time since last request: 379.069782 seconds.
  path: Assets/Scripts/Buildings/Building.cs
  artifactKey: Guid(af26fcfcbdc1d5546928ef49e158d60b) Importer(815301076,1909f56bfc062723c751e8b465ee728b)
Start importing Assets/Scripts/Buildings/Building.cs using Guid(af26fcfcbdc1d5546928ef49e158d60b) Importer(815301076,1909f56bfc062723c751e8b465ee728b)  -> (artifact id: 'f06c7b14e947325bc1158e6d0cb32037') in 0.013854 seconds 
========================================================================
Received Prepare
Registering precompiled user dll's ...
Registered in 0.004878 seconds.
Begin MonoManager ReloadAssembly
Symbol file LoadedFromMemory doesn't match image C:\Users\9t.cc\Documents\GithubFiles\RTS_Santos\RealTimeStrategy\Library\PackageCache\com.unity.visualscripting@1.6.1\Editor\VisualScripting.Core\Dependencies\YamlDotNet\Unity.VisualScripting.YamlDotNet.dll
Symbol file LoadedFromMemory doesn't match image C:\Users\9t.cc\Documents\GithubFiles\RTS_Santos\RealTimeStrategy\Library\PackageCache\com.unity.visualscripting@1.6.1\Editor\VisualScripting.Core\Dependencies\DotNetZip\Unity.VisualScripting.IonicZip.dll
Native extension for WindowsStandalone target not found
Native extension for WebGL target not found
Refreshing native plugins compatible for Editor in 0.87 ms, found 1 plugins.
Preloading 0 native plugins for Editor in 0.00 ms.
Warning: Annotation not found!
UnityEngine.StackTraceUtility:ExtractStackTrace ()
UnityEditor.ProBuilder.EditorUtility:SetGizmoIconEnabled (System.Type,bool) (at Library/PackageCache/com.unity.probuilder@5.0.3/Editor/EditorCore/EditorUtility.cs:575)
UnityEditor.ProBuilder.HierarchyListener:.cctor () (at Library/PackageCache/com.unity.probuilder@5.0.3/Editor/EditorCore/HierarchyListener.cs:21)
System.Runtime.CompilerServices.RuntimeHelpers:RunClassConstructor (System.RuntimeTypeHandle)
UnityEditor.EditorAssemblies:ProcessInitializeOnLoadAttributes (System.Type[])

[Library/PackageCache/com.unity.probuilder@5.0.3/Editor/EditorCore/EditorUtility.cs line 575]

Mono: successfully reloaded assembly
- Completed reload, in  1.297 seconds
Platform modules already initialized, skipping
Shader 'Universal Render Pipeline/Particles/Lit': fallback shader 'Universal Render Pipeline/Particles/SimpleLit' not found
Shader 'Universal Render Pipeline/Particles/Lit': fallback shader 'Universal Render Pipeline/Particles/SimpleLit' not found
Refreshing native plugins compatible for Editor in 1.38 ms, found 1 plugins.
Preloading 0 native plugins for Editor in 0.00 ms.
Unloading 5125 Unused Serialized files (Serialized files now loaded: 0)
System memory in use before: 198.6 MB.
System memory in use after: 196.1 MB.

Unloading 53 unused Assets to reduce memory usage. Loaded Objects now: 5665.
Total: 4.195900 ms (FindLiveObjects: 0.378300 ms CreateObjectMapping: 0.288300 ms MarkObjects: 2.452400 ms  DeleteObjects: 1.075400 ms)

========================================================================
Received Prepare
Registering precompiled user dll's ...
Registered in 0.007453 seconds.
Begin MonoManager ReloadAssembly
Symbol file LoadedFromMemory doesn't match image C:\Users\9t.cc\Documents\GithubFiles\RTS_Santos\RealTimeStrategy\Library\PackageCache\com.unity.visualscripting@1.6.1\Editor\VisualScripting.Core\Dependencies\YamlDotNet\Unity.VisualScripting.YamlDotNet.dll
Symbol file LoadedFromMemory doesn't match image C:\Users\9t.cc\Documents\GithubFiles\RTS_Santos\RealTimeStrategy\Library\PackageCache\com.unity.visualscripting@1.6.1\Editor\VisualScripting.Core\Dependencies\DotNetZip\Unity.VisualScripting.IonicZip.dll
Native extension for WindowsStandalone target not found
Native extension for WebGL target not found
Refreshing native plugins compatible for Editor in 0.85 ms, found 1 plugins.
Preloading 0 native plugins for Editor in 0.00 ms.
Warning: Annotation not found!
UnityEngine.StackTraceUtility:ExtractStackTrace ()
UnityEditor.ProBuilder.EditorUtility:SetGizmoIconEnabled (System.Type,bool) (at Library/PackageCache/com.unity.probuilder@5.0.3/Editor/EditorCore/EditorUtility.cs:575)
UnityEditor.ProBuilder.HierarchyListener:.cctor () (at Library/PackageCache/com.unity.probuilder@5.0.3/Editor/EditorCore/HierarchyListener.cs:21)
System.Runtime.CompilerServices.RuntimeHelpers:RunClassConstructor (System.RuntimeTypeHandle)
UnityEditor.EditorAssemblies:ProcessInitializeOnLoadAttributes (System.Type[])

[Library/PackageCache/com.unity.probuilder@5.0.3/Editor/EditorCore/EditorUtility.cs line 575]

Mono: successfully reloaded assembly
- Completed reload, in  1.149 seconds
Platform modules already initialized, skipping
Shader 'Universal Render Pipeline/Particles/Lit': fallback shader 'Universal Render Pipeline/Particles/SimpleLit' not found
Shader 'Universal Render Pipeline/Particles/Lit': fallback shader 'Universal Render Pipeline/Particles/SimpleLit' not found
Refreshing native plugins compatible for Editor in 0.85 ms, found 1 plugins.
Preloading 0 native plugins for Editor in 0.00 ms.
Unloading 5125 Unused Serialized files (Serialized files now loaded: 0)
System memory in use before: 198.6 MB.
System memory in use after: 196.1 MB.

Unloading 53 unused Assets to reduce memory usage. Loaded Objects now: 5668.
Total: 4.364300 ms (FindLiveObjects: 0.412500 ms CreateObjectMapping: 0.285900 ms MarkObjects: 2.578800 ms  DeleteObjects: 1.085900 ms)

========================================================================
Received Import Request.
  Time since last request: 2305.749275 seconds.
  path: Assets/Prefabs/UnitBase.prefab
  artifactKey: Guid(a1d22d9eec541084aa8f5a0c0d9c6ac5) Importer(815301076,1909f56bfc062723c751e8b465ee728b)
Start importing Assets/Prefabs/UnitBase.prefab using Guid(a1d22d9eec541084aa8f5a0c0d9c6ac5) Importer(815301076,1909f56bfc062723c751e8b465ee728b)  -> (artifact id: '067a9b8457470618caebd8989f141438') in 0.305296 seconds 
========================================================================
Received Import Request.
  Time since last request: 134.350770 seconds.
  path: Assets/Prefabs/Building.prefab
  artifactKey: Guid(b9baf4aeb21800f4f8cd4301994692ae) Importer(815301076,1909f56bfc062723c751e8b465ee728b)
Start importing Assets/Prefabs/Building.prefab using Guid(b9baf4aeb21800f4f8cd4301994692ae) Importer(815301076,1909f56bfc062723c751e8b465ee728b)  -> (artifact id: '32d9d5fa74efc5f7126ccf7693d030f4') in 0.009033 seconds 
========================================================================
Received Import Request.
  Time since last request: 67.139041 seconds.
  path: Assets/Prefabs/Building Variant.prefab
  artifactKey: Guid(16ea7eaa72f9a394b89bffb0664f9460) Importer(815301076,1909f56bfc062723c751e8b465ee728b)
Start importing Assets/Prefabs/Building Variant.prefab using Guid(16ea7eaa72f9a394b89bffb0664f9460) Importer(815301076,1909f56bfc062723c751e8b465ee728b)  -> (artifact id: 'a3a0c9ca966e496f34b55456f675aad7') in 0.005859 seconds 
========================================================================
Received Import Request.
  Time since last request: 13.010552 seconds.
  path: Assets/Prefabs/UnitBase1.prefab
  artifactKey: Guid(a1d22d9eec541084aa8f5a0c0d9c6ac5) Importer(815301076,1909f56bfc062723c751e8b465ee728b)
Start importing Assets/Prefabs/UnitBase1.prefab using Guid(a1d22d9eec541084aa8f5a0c0d9c6ac5) Importer(815301076,1909f56bfc062723c751e8b465ee728b)  -> (artifact id: 'efc8fd611445c0c8c30b929e581e1164') in 0.014864 seconds 
========================================================================
Received Import Request.
  Time since last request: 10.772654 seconds.
  path: Assets/Prefabs/UnitBase.prefab
  artifactKey: Guid(16ea7eaa72f9a394b89bffb0664f9460) Importer(815301076,1909f56bfc062723c751e8b465ee728b)
Start importing Assets/Prefabs/UnitBase.prefab using Guid(16ea7eaa72f9a394b89bffb0664f9460) Importer(815301076,1909f56bfc062723c751e8b465ee728b)  -> (artifact id: '6b556668ec7191cec62141c465b39b46') in 0.008302 seconds 
========================================================================
Received Import Request.
  Time since last request: 74.104626 seconds.
  path: Assets/Prefabs/Projectile.prefab
  artifactKey: Guid(c4e86b03a3a11854ab427c4073715f9d) Importer(815301076,1909f56bfc062723c751e8b465ee728b)
Start importing Assets/Prefabs/Projectile.prefab using Guid(c4e86b03a3a11854ab427c4073715f9d) Importer(815301076,1909f56bfc062723c751e8b465ee728b)  -> (artifact id: '202513c5cb4470521ef71c03f5b10486') in 0.029686 seconds 
========================================================================
Received Import Request.
  Time since last request: 1.454522 seconds.
  path: Assets/Prefabs/UnitBase.prefab
  artifactKey: Guid(16ea7eaa72f9a394b89bffb0664f9460) Importer(815301076,1909f56bfc062723c751e8b465ee728b)
Start importing Assets/Prefabs/UnitBase.prefab using Guid(16ea7eaa72f9a394b89bffb0664f9460) Importer(815301076,1909f56bfc062723c751e8b465ee728b)  -> (artifact id: '236fe077f2d1de1d2829a21530e5c699') in 0.012450 seconds 
========================================================================
Received Import Request.
  Time since last request: 46.909214 seconds.
  path: Assets/Prefabs/UnitBase.prefab
  artifactKey: Guid(16ea7eaa72f9a394b89bffb0664f9460) Importer(815301076,1909f56bfc062723c751e8b465ee728b)
Start importing Assets/Prefabs/UnitBase.prefab using Guid(16ea7eaa72f9a394b89bffb0664f9460) Importer(815301076,1909f56bfc062723c751e8b465ee728b)  -> (artifact id: '774d5e24c6acbe81b3a2605b7d90fb76') in 0.011588 seconds 
========================================================================
Received Import Request.
  Time since last request: 17.447078 seconds.
  path: Assets/Prefabs/UnitBase.prefab
  artifactKey: Guid(16ea7eaa72f9a394b89bffb0664f9460) Importer(815301076,1909f56bfc062723c751e8b465ee728b)
Start importing Assets/Prefabs/UnitBase.prefab using Guid(16ea7eaa72f9a394b89bffb0664f9460) Importer(815301076,1909f56bfc062723c751e8b465ee728b)  -> (artifact id: 'ea925893fab9038e8af3fb29f97bc55e') in 0.009952 seconds 
========================================================================
Received Import Request.
  Time since last request: 93.607949 seconds.
  path: Assets/Prefabs/UnitBase.prefab
  artifactKey: Guid(16ea7eaa72f9a394b89bffb0664f9460) Importer(815301076,1909f56bfc062723c751e8b465ee728b)
Start importing Assets/Prefabs/UnitBase.prefab using Guid(16ea7eaa72f9a394b89bffb0664f9460) Importer(815301076,1909f56bfc062723c751e8b465ee728b)  -> (artifact id: '847b38e234d29c1fa9cd581678182112') in 0.011985 seconds 
========================================================================
Received Import Request.
  Time since last request: 23.465190 seconds.
  path: Assets/Prefabs/UnitBase.prefab
  artifactKey: Guid(16ea7eaa72f9a394b89bffb0664f9460) Importer(815301076,1909f56bfc062723c751e8b465ee728b)
Start importing Assets/Prefabs/UnitBase.prefab using Guid(16ea7eaa72f9a394b89bffb0664f9460) Importer(815301076,1909f56bfc062723c751e8b465ee728b)  -> (artifact id: '6af8bfbab882b5add2f183741c45d489') in 0.009898 seconds 
========================================================================
Received Import Request.
  Time since last request: 11.285740 seconds.
  path: Assets/Prefabs/UnitBase.prefab
  artifactKey: Guid(16ea7eaa72f9a394b89bffb0664f9460) Importer(815301076,1909f56bfc062723c751e8b465ee728b)
Start importing Assets/Prefabs/UnitBase.prefab using Guid(16ea7eaa72f9a394b89bffb0664f9460) Importer(815301076,1909f56bfc062723c751e8b465ee728b)  -> (artifact id: '09960a4f36f880b701baa282be1481d9') in 0.011158 seconds 
========================================================================
Received Import Request.
  Time since last request: 5.939642 seconds.
  path: Assets/Prefabs/UnitBase.prefab
  artifactKey: Guid(16ea7eaa72f9a394b89bffb0664f9460) Importer(815301076,1909f56bfc062723c751e8b465ee728b)
Start importing Assets/Prefabs/UnitBase.prefab using Guid(16ea7eaa72f9a394b89bffb0664f9460) Importer(815301076,1909f56bfc062723c751e8b465ee728b)  -> (artifact id: '8a2e7dfe10e0112e706a186f22c53b5f') in 0.009437 seconds 
========================================================================
Received Import Request.
  Time since last request: 3.594944 seconds.
  path: Assets/Prefabs/UnitBase.prefab
  artifactKey: Guid(16ea7eaa72f9a394b89bffb0664f9460) Importer(815301076,1909f56bfc062723c751e8b465ee728b)
Start importing Assets/Prefabs/UnitBase.prefab using Guid(16ea7eaa72f9a394b89bffb0664f9460) Importer(815301076,1909f56bfc062723c751e8b465ee728b)  -> (artifact id: '7ddf7cf7c822d45152bfff530f2f29c7') in 0.011706 seconds 
========================================================================
Received Import Request.
  Time since last request: 142.157263 seconds.
  path: Assets/Prefabs/UnitBase.prefab
  artifactKey: Guid(16ea7eaa72f9a394b89bffb0664f9460) Importer(815301076,1909f56bfc062723c751e8b465ee728b)
Start importing Assets/Prefabs/UnitBase.prefab using Guid(16ea7eaa72f9a394b89bffb0664f9460) Importer(815301076,1909f56bfc062723c751e8b465ee728b)  -> (artifact id: '3b20640aea2f222f90558faa621c160c') in 0.014456 seconds 
========================================================================
Received Import Request.
  Time since last request: 45.680611 seconds.
  path: Assets/Prefabs/UnitBase.prefab
  artifactKey: Guid(16ea7eaa72f9a394b89bffb0664f9460) Importer(815301076,1909f56bfc062723c751e8b465ee728b)
Start importing Assets/Prefabs/UnitBase.prefab using Guid(16ea7eaa72f9a394b89bffb0664f9460) Importer(815301076,1909f56bfc062723c751e8b465ee728b)  -> (artifact id: '887b695563873cd7da2a92b5a289f3f7') in 0.015305 seconds 
========================================================================
Received Prepare
Registering precompiled user dll's ...
Registered in 0.005093 seconds.
Begin MonoManager ReloadAssembly
Symbol file LoadedFromMemory doesn't match image C:\Users\9t.cc\Documents\GithubFiles\RTS_Santos\RealTimeStrategy\Library\PackageCache\com.unity.visualscripting@1.6.1\Editor\VisualScripting.Core\Dependencies\YamlDotNet\Unity.VisualScripting.YamlDotNet.dll
Symbol file LoadedFromMemory doesn't match image C:\Users\9t.cc\Documents\GithubFiles\RTS_Santos\RealTimeStrategy\Library\PackageCache\com.unity.visualscripting@1.6.1\Editor\VisualScripting.Core\Dependencies\DotNetZip\Unity.VisualScripting.IonicZip.dll
Native extension for WindowsStandalone target not found
Native extension for WebGL target not found
Refreshing native plugins compatible for Editor in 0.89 ms, found 1 plugins.
Preloading 0 native plugins for Editor in 0.00 ms.
Warning: Annotation not found!
UnityEngine.StackTraceUtility:ExtractStackTrace ()
UnityEditor.ProBuilder.EditorUtility:SetGizmoIconEnabled (System.Type,bool) (at Library/PackageCache/com.unity.probuilder@5.0.3/Editor/EditorCore/EditorUtility.cs:575)
UnityEditor.ProBuilder.HierarchyListener:.cctor () (at Library/PackageCache/com.unity.probuilder@5.0.3/Editor/EditorCore/HierarchyListener.cs:21)
System.Runtime.CompilerServices.RuntimeHelpers:RunClassConstructor (System.RuntimeTypeHandle)
UnityEditor.EditorAssemblies:ProcessInitializeOnLoadAttributes (System.Type[])

[Library/PackageCache/com.unity.probuilder@5.0.3/Editor/EditorCore/EditorUtility.cs line 575]

Mono: successfully reloaded assembly
- Completed reload, in  1.106 seconds
Platform modules already initialized, skipping
Shader 'Universal Render Pipeline/Particles/Lit': fallback shader 'Universal Render Pipeline/Particles/SimpleLit' not found
Shader 'Universal Render Pipeline/Particles/Lit': fallback shader 'Universal Render Pipeline/Particles/SimpleLit' not found
Refreshing native plugins compatible for Editor in 1.05 ms, found 1 plugins.
Preloading 0 native plugins for Editor in 0.00 ms.
Unloading 5125 Unused Serialized files (Serialized files now loaded: 0)
System memory in use before: 203.8 MB.
System memory in use after: 201.3 MB.

Unloading 53 unused Assets to reduce memory usage. Loaded Objects now: 5718.
Total: 4.211200 ms (FindLiveObjects: 0.382300 ms CreateObjectMapping: 0.319000 ms MarkObjects: 2.479500 ms  DeleteObjects: 1.029300 ms)

========================================================================
Received Prepare
Registering precompiled user dll's ...
Registered in 0.005058 seconds.
Begin MonoManager ReloadAssembly
Symbol file LoadedFromMemory doesn't match image C:\Users\9t.cc\Documents\GithubFiles\RTS_Santos\RealTimeStrategy\Library\PackageCache\com.unity.visualscripting@1.6.1\Editor\VisualScripting.Core\Dependencies\YamlDotNet\Unity.VisualScripting.YamlDotNet.dll
Symbol file LoadedFromMemory doesn't match image C:\Users\9t.cc\Documents\GithubFiles\RTS_Santos\RealTimeStrategy\Library\PackageCache\com.unity.visualscripting@1.6.1\Editor\VisualScripting.Core\Dependencies\DotNetZip\Unity.VisualScripting.IonicZip.dll
Native extension for WindowsStandalone target not found
Native extension for WebGL target not found
Refreshing native plugins compatible for Editor in 1.02 ms, found 1 plugins.
Preloading 0 native plugins for Editor in 0.00 ms.
Warning: Annotation not found!
UnityEngine.StackTraceUtility:ExtractStackTrace ()
UnityEditor.ProBuilder.EditorUtility:SetGizmoIconEnabled (System.Type,bool) (at Library/PackageCache/com.unity.probuilder@5.0.3/Editor/EditorCore/EditorUtility.cs:575)
UnityEditor.ProBuilder.HierarchyListener:.cctor () (at Library/PackageCache/com.unity.probuilder@5.0.3/Editor/EditorCore/HierarchyListener.cs:21)
System.Runtime.CompilerServices.RuntimeHelpers:RunClassConstructor (System.RuntimeTypeHandle)
UnityEditor.EditorAssemblies:ProcessInitializeOnLoadAttributes (System.Type[])

[Library/PackageCache/com.unity.probuilder@5.0.3/Editor/EditorCore/EditorUtility.cs line 575]

Mono: successfully reloaded assembly
- Completed reload, in  1.150 seconds
Platform modules already initialized, skipping
Shader 'Universal Render Pipeline/Particles/Lit': fallback shader 'Universal Render Pipeline/Particles/SimpleLit' not found
Shader 'Universal Render Pipeline/Particles/Lit': fallback shader 'Universal Render Pipeline/Particles/SimpleLit' not found
Refreshing native plugins compatible for Editor in 0.85 ms, found 1 plugins.
Preloading 0 native plugins for Editor in 0.00 ms.
Unloading 5125 Unused Serialized files (Serialized files now loaded: 0)
System memory in use before: 204.0 MB.
System memory in use after: 201.5 MB.

Unloading 53 unused Assets to reduce memory usage. Loaded Objects now: 5721.
Total: 4.389400 ms (FindLiveObjects: 0.368700 ms CreateObjectMapping: 0.272700 ms MarkObjects: 2.675900 ms  DeleteObjects: 1.070700 ms)

AssetImportWorkerClient::OnTransportError - code=2 error=End of file
